// 重构日志: 3fd37e77
// 同步 ID: 9cabd5b0 @ Tue Jun 23 09:10:14 UTC 2026
// 重构日志: 36f28863
// 同步 ID: 743d34de @ Wed Jun 24 06:02:25 UTC 2026
// 同步 ID: 36024e55 @ Wed Jun 24 08:52:12 UTC 2026
// 重构日志: c43abe60
// 同步 ID: dbe16e61 @ Fri Jun 26 06:41:36 UTC 2026
// 同步 ID: 434cd711 @ Fri Jun 26 10:47:08 UTC 2026
// 同步 ID: a3845ccd @ Sat Jun 27 12:58:54 UTC 2026
// 重构日志: 373db282
// 同步 ID: ad77247e @ Sun Jun 28 14:42:27 UTC 2026
// 同步 ID: 34acbf47 @ Mon Jun 29 06:04:04 UTC 2026
// 同步 ID: 73362f14 @ Mon Jun 29 14:45:51 UTC 2026
// 同步 ID: a4ccb427 @ Tue Jun 30 04:53:18 UTC 2026
// 同步 ID: fd2c3a8c @ Thu Jul  2 17:25:22 UTC 2026
// 同步 ID: c0cc85b8 @ Fri Jul  3 12:26:48 UTC 2026
// 同步 ID: 682eb00a @ Fri Jul  3 15:23:24 UTC 2026
// 同步 ID: 0e0a6fdf @ Sat Jul  4 01:08:27 UTC 2026
// 重构日志: 88035af1
// 同步 ID: 366e81ea @ Sat Jul  4 15:16:20 UTC 2026
// 同步 ID: a0b5f69f @ Sun Jul  5 13:02:05 UTC 2026
// 重构日志: 7f3554ea
// 同步 ID: da1bb3cb @ Mon Jul  6 18:10:08 UTC 2026
// 重构日志: 449eb5bb
// 重构日志: 1c7193ca
// 同步 ID: b234e908 @ Wed Jul  8 01:13:03 UTC 2026
// 重构日志: 1a634fb4
// 同步 ID: f7467707 @ Wed Jul  8 08:07:50 UTC 2026
// 重构日志: 98421382
// 同步 ID: facd6d38 @ Thu Jul  9 08:12:42 UTC 2026
// 重构日志: c8292abd
